#
# There is insufficient memory for the Java Runtime Environment to continue.
# Native memory allocation (malloc) failed to allocate 1253744 bytes for Chunk::new
# Possible reasons:
#   The system is out of physical RAM or swap space
#   In 32 bit mode, the process size limit was hit
# Possible solutions:
#   Reduce memory load on the system
#   Increase physical memory or swap space
#   Check if swap backing store is full
#   Use 64 bit Java on a 64 bit OS
#   Decrease Java heap size (-Xmx/-Xms)
#   Decrease number of Java threads
#   Decrease Java thread stack sizes (-Xss)
#   Set larger code cache with -XX:ReservedCodeCacheSize=
# This output file may be truncated or incomplete.
#
#  Out of Memory Error (allocation.cpp:390), pid=12116, tid=0x0000000000000614
#
# JRE version: Java(TM) SE Runtime Environment (8.0_131-b11) (build 1.8.0_131-b11)
# Java VM: Java HotSpot(TM) 64-Bit Server VM (25.131-b11 mixed mode windows-amd64 compressed oops)
# Failed to write core dump. Minidumps are not enabled by default on client versions of Windows
#

---------------  T H R E A D  ---------------

Current thread (0x0000000027be8000):  JavaThread "C2 CompilerThread2" daemon [_thread_in_native, id=1556, stack(0x00000000285a0000,0x00000000286a0000)]

Stack: [0x00000000285a0000,0x00000000286a0000]
[error occurred during error reporting (printing stack bounds), id 0xc0000005]

Native frames: (J=compiled Java code, j=interpreted, Vv=VM code, C=native code)


Current CompileTask:
C2: 333496 1436       4       mallet.TopicModel::topicModel (873 bytes)


---------------  P R O C E S S  ---------------

Java Threads: ( => current thread )
  0x00000000289f7000 JavaThread "pool-215-thread-2" [_thread_blocked, id=14576, stack(0x00000000455b0000,0x00000000456b0000)]
  0x00000000289f4000 JavaThread "pool-215-thread-1" [_thread_blocked, id=13260, stack(0x00000000454b0000,0x00000000455b0000)]
  0x0000000027c7e000 JavaThread "Service Thread" daemon [_thread_blocked, id=13012, stack(0x00000000287a0000,0x00000000288a0000)]
  0x0000000027bf1800 JavaThread "C1 CompilerThread3" daemon [_thread_blocked, id=9836, stack(0x00000000286a0000,0x00000000287a0000)]
=>0x0000000027be8000 JavaThread "C2 CompilerThread2" daemon [_thread_in_native, id=1556, stack(0x00000000285a0000,0x00000000286a0000)]
  0x0000000027be3800 JavaThread "C2 CompilerThread1" daemon [_thread_blocked, id=884, stack(0x00000000284a0000,0x00000000285a0000)]
  0x0000000027be0000 JavaThread "C2 CompilerThread0" daemon [_thread_blocked, id=8128, stack(0x00000000283a0000,0x00000000284a0000)]
  0x0000000027bde000 JavaThread "Attach Listener" daemon [_thread_blocked, id=5956, stack(0x00000000282a0000,0x00000000283a0000)]
  0x0000000027bdd000 JavaThread "Signal Dispatcher" daemon [_thread_blocked, id=12988, stack(0x00000000281a0000,0x00000000282a0000)]
  0x0000000027bd0800 JavaThread "Finalizer" daemon [_thread_blocked, id=12640, stack(0x0000000027fb0000,0x00000000280b0000)]
  0x00000000030fa800 JavaThread "Reference Handler" daemon [_thread_blocked, id=9664, stack(0x0000000027ab0000,0x0000000027bb0000)]
  0x0000000003005000 JavaThread "main" [_thread_blocked, id=11956, stack(0x0000000002e70000,0x0000000002f70000)]

Other Threads:
  0x0000000025cca000 VMThread [stack: 0x00000000279b0000,0x0000000027ab0000] [id=8052]
  0x0000000027c9a800 WatcherThread [stack: 0x00000000288a0000,0x00000000289a0000] [id=12268]

VM state:not at safepoint (normal execution)

VM Mutex/Monitor currently owned by a thread: None

Heap:
 PSYoungGen      total 2403840K, used 823537K [0x0000000718580000, 0x00000007c0000000, 0x00000007c0000000)
  eden space 2060800K, 39% used [0x0000000718580000,0x000000074a2e1718,0x0000000796200000)
  from space 343040K, 2% used [0x00000007ab100000,0x00000007ab7dae28,0x00000007c0000000)
  to   space 343040K, 0% used [0x0000000796200000,0x0000000796200000,0x00000007ab100000)
 ParOldGen       total 5494272K, used 40K [0x00000005c9000000, 0x0000000718580000, 0x0000000718580000)
  object space 5494272K, 0% used [0x00000005c9000000,0x00000005c900a000,0x0000000718580000)
 Metaspace       used 6149K, capacity 6256K, committed 6400K, reserved 1056768K
  class space    used 644K, capacity 656K, committed 768K, reserved 1048576K

Card table byte_map: [0x00000000124c0000,0x0000000013480000] byte_map_base: 0x000000000f678000

Marking Bits: (ParMarkBitMap*) 0x000000005fd4c720
 Begin Bits: [0x0000000014700000, 0x000000001c4c0000)
 End Bits:   [0x000000001c4c0000, 0x0000000024280000)

Polling page: 0x0000000001600000

CodeCache: size=245760Kb used=5122Kb max_used=5173Kb free=240638Kb
 bounds [0x0000000003100000, 0x0000000003630000, 0x0000000012100000]
 total_blobs=1413 nmethods=1093 adapters=233
 compilation: enabled

Compilation events (10 events):
Event: 306.997 Thread 0x0000000027bf1800 nmethod 1431 0x0000000003595d10 code [0x0000000003595e80, 0x00000000035960f0]
Event: 310.079 Thread 0x0000000027be3800 1432 %     4       cc.mallet.topics.TopicInferencer::getSampledDistribution @ 618 (1447 bytes)
Event: 310.173 Thread 0x0000000027be3800 nmethod 1432% 0x00000000035eb9d0 code [0x00000000035ebc00, 0x00000000035eed38]
Event: 317.799 Thread 0x0000000027be0000 1433       4       java.util.HashMap$HashIterator::hasNext (13 bytes)
Event: 317.799 Thread 0x0000000027be0000 nmethod 1433 0x00000000033aee50 code [0x00000000033aef80, 0x00000000033aeff8]
Event: 320.836 Thread 0x0000000027bf1800 1434       3       sun.misc.FloatingDecimal$BinaryToASCIIBuffer::dtoa (1509 bytes)
Event: 320.840 Thread 0x0000000027bf1800 nmethod 1434 0x00000000033a4890 code [0x00000000033a4cc0, 0x00000000033a73d8]
Event: 328.419 Thread 0x0000000027be3800 1435       4       mallet.TopicModel::topicModel (873 bytes)
Event: 329.137 Thread 0x0000000027be3800 nmethod 1435 0x00000000035fdcd0 code [0x00000000035fecc0, 0x000000000360a718]
Event: 333.032 Thread 0x0000000027be8000 1436       4       mallet.TopicModel::topicModel (873 bytes)

GC Heap History (8 events):
Event: 35.443 GC heap before
{Heap before GC invocations=1 (full 0):
 PSYoungGen      total 2403840K, used 2060800K [0x0000000718580000, 0x00000007c0000000, 0x00000007c0000000)
  eden space 2060800K, 100% used [0x0000000718580000,0x0000000796200000,0x0000000796200000)
  from space 343040K, 0% used [0x00000007ab100000,0x00000007ab100000,0x00000007c0000000)
  to   space 343040K, 0% used [0x0000000796200000,0x0000000796200000,0x00000007ab100000)
 ParOldGen       total 5494272K, used 0K [0x00000005c9000000, 0x0000000718580000, 0x0000000718580000)
  object space 5494272K, 0% used [0x00000005c9000000,0x00000005c9000000,0x0000000718580000)
 Metaspace       used 5929K, capacity 6000K, committed 6144K, reserved 1056768K
  class space    used 643K, capacity 656K, committed 768K, reserved 1048576K
Event: 35.451 GC heap after
Heap after GC invocations=1 (full 0):
 PSYoungGen      total 2403840K, used 5214K [0x0000000718580000, 0x00000007c0000000, 0x00000007c0000000)
  eden space 2060800K, 0% used [0x0000000718580000,0x0000000718580000,0x0000000796200000)
  from space 343040K, 1% used [0x0000000796200000,0x0000000796717a28,0x00000007ab100000)
  to   space 343040K, 0% used [0x00000007ab100000,0x00000007ab100000,0x00000007c0000000)
 ParOldGen       total 5494272K, used 16K [0x00000005c9000000, 0x0000000718580000, 0x0000000718580000)
  object space 5494272K, 0% used [0x00000005c9000000,0x00000005c9004000,0x0000000718580000)
 Metaspace       used 5929K, capacity 6000K, committed 6144K, reserved 1056768K
  class space    used 643K, capacity 656K, committed 768K, reserved 1048576K
}
Event: 108.794 GC heap before
{Heap before GC invocations=2 (full 0):
 PSYoungGen      total 2403840K, used 2066014K [0x0000000718580000, 0x00000007c0000000, 0x00000007c0000000)
  eden space 2060800K, 100% used [0x0000000718580000,0x0000000796200000,0x0000000796200000)
  from space 343040K, 1% used [0x0000000796200000,0x0000000796717a28,0x00000007ab100000)
  to   space 343040K, 0% used [0x00000007ab100000,0x00000007ab100000,0x00000007c0000000)
 ParOldGen       total 5494272K, used 16K [0x00000005c9000000, 0x0000000718580000, 0x0000000718580000)
  object space 5494272K, 0% used [0x00000005c9000000,0x00000005c9004000,0x0000000718580000)
 Metaspace       used 6017K, capacity 6064K, committed 6400K, reserved 1056768K
  class space    used 643K, capacity 656K, committed 768K, reserved 1048576K
Event: 108.804 GC heap after
Heap after GC invocations=2 (full 0):
 PSYoungGen      total 2403840K, used 6055K [0x0000000718580000, 0x00000007c0000000, 0x00000007c0000000)
  eden space 2060800K, 0% used [0x0000000718580000,0x0000000718580000,0x0000000796200000)
  from space 343040K, 1% used [0x00000007ab100000,0x00000007ab6e9c70,0x00000007c0000000)
  to   space 343040K, 0% used [0x0000000796200000,0x0000000796200000,0x00000007ab100000)
 ParOldGen       total 5494272K, used 24K [0x00000005c9000000, 0x0000000718580000, 0x0000000718580000)
  object space 5494272K, 0% used [0x00000005c9000000,0x00000005c9006000,0x0000000718580000)
 Metaspace       used 6017K, capacity 6064K, committed 6400K, reserved 1056768K
  class space    used 643K, capacity 656K, committed 768K, reserved 1048576K
}
Event: 181.556 GC heap before
{Heap before GC invocations=3 (full 0):
 PSYoungGen      total 2403840K, used 2066855K [0x0000000718580000, 0x00000007c0000000, 0x00000007c0000000)
  eden space 2060800K, 100% used [0x0000000718580000,0x0000000796200000,0x0000000796200000)
  from space 343040K, 1% used [0x00000007ab100000,0x00000007ab6e9c70,0x00000007c0000000)
  to   space 343040K, 0% used [0x0000000796200000,0x0000000796200000,0x00000007ab100000)
 ParOldGen       total 5494272K, used 24K [0x00000005c9000000, 0x0000000718580000, 0x0000000718580000)
  object space 5494272K, 0% used [0x00000005c9000000,0x00000005c9006000,0x0000000718580000)
 Metaspace       used 6076K, capacity 6128K, committed 6400K, reserved 1056768K
  class space    used 643K, capacity 656K, committed 768K, reserved 1048576K
Event: 181.565 GC heap after
Heap after GC invocations=3 (full 0):
 PSYoungGen      total 2403840K, used 5675K [0x0000000718580000, 0x00000007c0000000, 0x00000007c0000000)
  eden space 2060800K, 0% used [0x0000000718580000,0x0000000718580000,0x0000000796200000)
  from space 343040K, 1% used [0x0000000796200000,0x000000079678ae28,0x00000007ab100000)
  to   space 343040K, 0% used [0x00000007ab100000,0x00000007ab100000,0x00000007c0000000)
 ParOldGen       total 5494272K, used 32K [0x00000005c9000000, 0x0000000718580000, 0x0000000718580000)
  object space 5494272K, 0% used [0x00000005c9000000,0x00000005c9008000,0x0000000718580000)
 Metaspace       used 6076K, capacity 6128K, committed 6400K, reserved 1056768K
  class space    used 643K, capacity 656K, committed 768K, reserved 1048576K
}
Event: 291.570 GC heap before
{Heap before GC invocations=4 (full 0):
 PSYoungGen      total 2403840K, used 2066475K [0x0000000718580000, 0x00000007c0000000, 0x00000007c0000000)
  eden space 2060800K, 100% used [0x0000000718580000,0x0000000796200000,0x0000000796200000)
  from space 343040K, 1% used [0x0000000796200000,0x000000079678ae28,0x00000007ab100000)
  to   space 343040K, 0% used [0x00000007ab100000,0x00000007ab100000,0x00000007c0000000)
 ParOldGen       total 5494272K, used 32K [0x00000005c9000000, 0x0000000718580000, 0x0000000718580000)
  object space 5494272K, 0% used [0x00000005c9000000,0x00000005c9008000,0x0000000718580000)
 Metaspace       used 6139K, capacity 6256K, committed 6400K, reserved 1056768K
  class space    used 644K, capacity 656K, committed 768K, reserved 1048576K
Event: 291.579 GC heap after
Heap after GC invocations=4 (full 0):
 PSYoungGen      total 2403840K, used 7019K [0x0000000718580000, 0x00000007c0000000, 0x00000007c0000000)
  eden space 2060800K, 0% used [0x0000000718580000,0x0000000718580000,0x0000000796200000)
  from space 343040K, 2% used [0x00000007ab100000,0x00000007ab7dae28,0x00000007c0000000)
  to   space 343040K, 0% used [0x0000000796200000,0x0000000796200000,0x00000007ab100000)
 ParOldGen       total 5494272K, used 40K [0x00000005c9000000, 0x0000000718580000, 0x0000000718580000)
  object space 5494272K, 0% used [0x00000005c9000000,0x00000005c900a000,0x0000000718580000)
 Metaspace       used 6139K, capacity 6256K, committed 6400K, reserved 1056768K
  class space    used 644K, capacity 656K, committed 768K, reserved 1048576K
}

Deoptimization events (10 events):
Event: 2.558 Thread 0x0000000003005000 Uncommon trap: reason=bimorphic action=maybe_recompile pc=0x00000000033894bc method=java.util.regex.Pattern$CharProperty.match(Ljava/util/regex/Matcher;ILjava/lang/CharSequence;)Z @ 37
Event: 2.560 Thread 0x0000000003005000 Uncommon trap: reason=bimorphic action=maybe_recompile pc=0x00000000032f4d18 method=java.util.regex.Pattern$BranchConn.match(Ljava/util/regex/Matcher;ILjava/lang/CharSequence;)Z @ 7
Event: 2.560 Thread 0x0000000003005000 Uncommon trap: reason=bimorphic action=maybe_recompile pc=0x00000000033894bc method=java.util.regex.Pattern$CharProperty.match(Ljava/util/regex/Matcher;ILjava/lang/CharSequence;)Z @ 37
Event: 2.560 Thread 0x0000000003005000 Uncommon trap: reason=bimorphic action=maybe_recompile pc=0x00000000033894bc method=java.util.regex.Pattern$CharProperty.match(Ljava/util/regex/Matcher;ILjava/lang/CharSequence;)Z @ 37
Event: 4.350 Thread 0x0000000028db5000 Uncommon trap: reason=unstable_if action=reinterpret pc=0x00000000033e24b0 method=cc.mallet.topics.WorkerRunnable.sampleTopicsForOneDoc(Lcc/mallet/types/FeatureSequence;Lcc/mallet/types/FeatureSequence;Z)V @ 333
Event: 4.471 Thread 0x0000000028db5000 Uncommon trap: reason=unstable_if action=reinterpret pc=0x00000000033d3684 method=cc.mallet.topics.WorkerRunnable.sampleTopicsForOneDoc(Lcc/mallet/types/FeatureSequence;Lcc/mallet/types/FeatureSequence;Z)V @ 1512
Event: 5.668 Thread 0x0000000003005000 Uncommon trap: reason=unstable_if action=reinterpret pc=0x00000000034732bc method=cc.mallet.topics.ParallelTopicModel.estimate()V @ 405
Event: 7.536 Thread 0x0000000028f0a000 Uncommon trap: reason=unstable_if action=reinterpret pc=0x00000000034ef740 method=cc.mallet.topics.WorkerRunnable.sampleTopicsForOneDoc(Lcc/mallet/types/FeatureSequence;Lcc/mallet/types/FeatureSequence;Z)V @ 1521
Event: 319.318 Thread 0x0000000003005000 Uncommon trap: reason=unstable_if action=reinterpret pc=0x000000000324e6c0 method=sun.misc.FloatingDecimal$BinaryToASCIIBuffer.dtoa(IJIZ)V @ 1213
Event: 329.944 Thread 0x0000000003005000 Uncommon trap: reason=null_check action=make_not_entrant pc=0x0000000003608e74 method=java.util.logging.Logger$LoggerBundle.isSystemBundle()Z @ 6

Internal exceptions (10 events):
Event: 0.963 Thread 0x0000000003005000 Exception <a 'java/security/PrivilegedActionException'> (0x0000000724985650) thrown at [C:\re\workspace\8-2-build-windows-amd64-cygwin\jdk8u131\8869\hotspot\src\share\vm\prims\jvm.cpp, line 1390]
Event: 0.963 Thread 0x0000000003005000 Exception <a 'java/security/PrivilegedActionException'> (0x0000000724986540) thrown at [C:\re\workspace\8-2-build-windows-amd64-cygwin\jdk8u131\8869\hotspot\src\share\vm\prims\jvm.cpp, line 1390]
Event: 0.963 Thread 0x0000000003005000 Exception <a 'java/security/PrivilegedActionException'> (0x0000000724986750) thrown at [C:\re\workspace\8-2-build-windows-amd64-cygwin\jdk8u131\8869\hotspot\src\share\vm\prims\jvm.cpp, line 1390]
Event: 0.963 Thread 0x0000000003005000 Exception <a 'java/security/PrivilegedActionException'> (0x00000007249876b0) thrown at [C:\re\workspace\8-2-build-windows-amd64-cygwin\jdk8u131\8869\hotspot\src\share\vm\prims\jvm.cpp, line 1390]
Event: 0.963 Thread 0x0000000003005000 Exception <a 'java/security/PrivilegedActionException'> (0x00000007249878c0) thrown at [C:\re\workspace\8-2-build-windows-amd64-cygwin\jdk8u131\8869\hotspot\src\share\vm\prims\jvm.cpp, line 1390]
Event: 0.963 Thread 0x0000000003005000 Exception <a 'java/security/PrivilegedActionException'> (0x0000000724988820) thrown at [C:\re\workspace\8-2-build-windows-amd64-cygwin\jdk8u131\8869\hotspot\src\share\vm\prims\jvm.cpp, line 1390]
Event: 0.963 Thread 0x0000000003005000 Exception <a 'java/security/PrivilegedActionException'> (0x0000000724988a30) thrown at [C:\re\workspace\8-2-build-windows-amd64-cygwin\jdk8u131\8869\hotspot\src\share\vm\prims\jvm.cpp, line 1390]
Event: 0.964 Thread 0x0000000003005000 Exception <a 'java/security/PrivilegedActionException'> (0x0000000724991eb8) thrown at [C:\re\workspace\8-2-build-windows-amd64-cygwin\jdk8u131\8869\hotspot\src\share\vm\prims\jvm.cpp, line 1390]
Event: 0.964 Thread 0x0000000003005000 Exception <a 'java/security/PrivilegedActionException'> (0x00000007249920c8) thrown at [C:\re\workspace\8-2-build-windows-amd64-cygwin\jdk8u131\8869\hotspot\src\share\vm\prims\jvm.cpp, line 1390]
Event: 329.944 Thread 0x0000000003005000 Implicit null exception at 0x00000000036035b2 to 0x0000000003608e2d

Events (10 events):
Event: 333.030 Executing VM operation: BulkRevokeBias
Event: 333.030 Executing VM operation: BulkRevokeBias done
Event: 333.030 Thread 0x00000000289f0800 Thread exited: 0x00000000289f0800
Event: 333.030 Executing VM operation: RevokeBias
Event: 333.031 Executing VM operation: RevokeBias done
Event: 333.031 Thread 0x00000000289f5800 Thread exited: 0x00000000289f5800
Event: 333.042 Thread 0x00000000289f4000 Thread added: 0x00000000289f4000
Event: 333.042 Thread 0x00000000289f7000 Thread added: 0x00000000289f7000
Event: 333.043 Executing VM operation: RevokeBias
Event: 333.043 Executing VM operation: RevokeBias done


Dynamic libraries:
0x00007ff6a8a40000 - 0x00007ff6a8a77000 	C:\Program Files\Java\jre1.8.0_131\bin\javaw.exe
0x00007ffaa7da0000 - 0x00007ffaa7f7b000 	C:\WINDOWS\SYSTEM32\ntdll.dll
0x00007ffaa76c0000 - 0x00007ffaa776e000 	C:\WINDOWS\System32\KERNEL32.DLL
0x00007ffaa4a80000 - 0x00007ffaa4cc9000 	C:\WINDOWS\System32\KERNELBASE.dll
0x00007ffaa7b70000 - 0x00007ffaa7c11000 	C:\WINDOWS\System32\ADVAPI32.dll
0x00007ffaa5400000 - 0x00007ffaa549d000 	C:\WINDOWS\System32\msvcrt.dll
0x00007ffaa5b60000 - 0x00007ffaa5bb9000 	C:\WINDOWS\System32\sechost.dll
0x00007ffaa5bc0000 - 0x00007ffaa5ce5000 	C:\WINDOWS\System32\RPCRT4.dll
0x00007ffaa54a0000 - 0x00007ffaa55ea000 	C:\WINDOWS\System32\USER32.dll
0x00007ffaa52e0000 - 0x00007ffaa52fe000 	C:\WINDOWS\System32\win32u.dll
0x00007ffaa7b40000 - 0x00007ffaa7b67000 	C:\WINDOWS\System32\GDI32.dll
0x00007ffaa4f80000 - 0x00007ffaa5108000 	C:\WINDOWS\System32\gdi32full.dll
0x00007ffaa4dd0000 - 0x00007ffaa4e6a000 	C:\WINDOWS\System32\msvcp_win.dll
0x00007ffaa4cd0000 - 0x00007ffaa4dc6000 	C:\WINDOWS\System32\ucrtbase.dll
0x00007ffa968c0000 - 0x00007ffa96b27000 	C:\WINDOWS\WinSxS\amd64_microsoft.windows.common-controls_6595b64144ccf1df_6.0.15063.483_none_26002d27e7c744a2\COMCTL32.dll
0x00007ffaa5860000 - 0x00007ffaa5b59000 	C:\WINDOWS\System32\combase.dll
0x00007ffaa49c0000 - 0x00007ffaa4a2a000 	C:\WINDOWS\System32\bcryptPrimitives.dll
0x00007ffaa7240000 - 0x00007ffaa726d000 	C:\WINDOWS\System32\IMM32.DLL
0x000000005ef00000 - 0x000000005efd2000 	C:\Program Files\Java\jre1.8.0_131\bin\msvcr100.dll
0x000000005f530000 - 0x000000005fdcc000 	C:\Program Files\Java\jre1.8.0_131\bin\server\jvm.dll
0x00007ffaa7d30000 - 0x00007ffaa7d38000 	C:\WINDOWS\System32\PSAPI.DLL
0x00007ffaa04b0000 - 0x00007ffaa04b9000 	C:\WINDOWS\SYSTEM32\WSOCK32.dll
0x00007ffa9d920000 - 0x00007ffa9d92a000 	C:\WINDOWS\SYSTEM32\VERSION.dll
0x00007ffaa5310000 - 0x00007ffaa537c000 	C:\WINDOWS\System32\WS2_32.dll
0x00007ffaa25d0000 - 0x00007ffaa25f3000 	C:\WINDOWS\SYSTEM32\WINMM.dll
0x00007ffaa24d0000 - 0x00007ffaa24fb000 	C:\WINDOWS\SYSTEM32\winmmbase.dll
0x00007ffaa4a30000 - 0x00007ffaa4a79000 	C:\WINDOWS\System32\cfgmgr32.dll
0x00000000608b0000 - 0x00000000608bf000 	C:\Program Files\Java\jre1.8.0_131\bin\verify.dll
0x0000000060880000 - 0x00000000608a9000 	C:\Program Files\Java\jre1.8.0_131\bin\java.dll
0x0000000060860000 - 0x0000000060876000 	C:\Program Files\Java\jre1.8.0_131\bin\zip.dll
0x00007ffaa5e00000 - 0x00007ffaa7237000 	C:\WINDOWS\System32\SHELL32.dll
0x00007ffaa7c80000 - 0x00007ffaa7d2a000 	C:\WINDOWS\System32\shcore.dll
0x00007ffaa42c0000 - 0x00007ffaa49b3000 	C:\WINDOWS\System32\windows.storage.dll
0x00007ffaa7c20000 - 0x00007ffaa7c71000 	C:\WINDOWS\System32\shlwapi.dll
0x00007ffaa42a0000 - 0x00007ffaa42b1000 	C:\WINDOWS\System32\kernel.appcore.dll
0x00007ffaa4210000 - 0x00007ffaa425c000 	C:\WINDOWS\System32\powrprof.dll
0x00007ffaa4260000 - 0x00007ffaa4275000 	C:\WINDOWS\System32\profapi.dll
0x0000000060840000 - 0x000000006085a000 	C:\Program Files\Java\jre1.8.0_131\bin\net.dll
0x00007ffaa3b20000 - 0x00007ffaa3b7c000 	C:\WINDOWS\system32\mswsock.dll
0x0000000060820000 - 0x0000000060831000 	C:\Program Files\Java\jre1.8.0_131\bin\nio.dll
0x00007ffaa3cd0000 - 0x00007ffaa3ce7000 	C:\WINDOWS\SYSTEM32\CRYPTSP.dll
0x00007ffaa3740000 - 0x00007ffaa3774000 	C:\WINDOWS\system32\rsaenh.dll
0x00007ffaa3dd0000 - 0x00007ffaa3df5000 	C:\WINDOWS\SYSTEM32\bcrypt.dll
0x00007ffaa4110000 - 0x00007ffaa4139000 	C:\WINDOWS\SYSTEM32\USERENV.dll
0x00007ffaa3cc0000 - 0x00007ffaa3ccb000 	C:\WINDOWS\SYSTEM32\CRYPTBASE.dll
0x00007ffaa38c0000 - 0x00007ffaa38f7000 	C:\WINDOWS\SYSTEM32\IPHLPAPI.DLL
0x00007ffaa5300000 - 0x00007ffaa5308000 	C:\WINDOWS\System32\NSI.dll
0x00007ffa9c2b0000 - 0x00007ffa9c2c6000 	C:\WINDOWS\SYSTEM32\dhcpcsvc6.DLL
0x00007ffa9c290000 - 0x00007ffa9c2aa000 	C:\WINDOWS\SYSTEM32\dhcpcsvc.DLL

VM Arguments:
jvm_args: -Dfile.encoding=Cp1252 -Xms8048m -Xmx8048m 
java_command: mallet.merge
java_class_path (initial): C:\Users\Snm\workspace\HW8\target\classes;C:\Users\Snm\Downloads\mallet-2.0.8\dist\mallet.jar;C:\Users\Snm\Downloads\mallet-2.0.8\lib\bsh.jar;C:\Users\Snm\Downloads\mallet-2.0.8\lib\derby.jar;C:\Users\Snm\Downloads\mallet-2.0.8\lib\grmm-deps.jar;C:\Users\Snm\Downloads\mallet-2.0.8\lib\jdom-1.0.jar;C:\Users\Snm\Downloads\mallet-2.0.8\lib\jgrapht-0.6.0.jar;C:\Users\Snm\Downloads\mallet-2.0.8\lib\junit-4.5.jar;C:\Users\Snm\Downloads\mallet-2.0.8\lib\jwnl-1.3.jar;C:\Users\Snm\Downloads\mallet-2.0.8\lib\mallet-deps.jar;C:\Users\Snm\Downloads\mallet-2.0.8\lib\mtj-0.9.9.jar;C:\Users\Snm\Downloads\mallet-2.0.8\lib\openjgraph.jar;C:\Users\Snm\Downloads\mallet-2.0.8\lib\trove-2.0.2.jar;C:\Users\Snm\.m2\repository\net\sf\trove4j\trove4j\3.0.1\trove4j-3.0.1.jar;C:\Users\Snm\.m2\repository\org\elasticsearch\client\transport\5.4.3\transport-5.4.3.jar;C:\Users\Snm\.m2\repository\org\elasticsearch\elasticsearch\5.4.3\elasticsearch-5.4.3.jar;C:\Users\Snm\.m2\repository\org\apache\lucene\lucene-core\6.5.1\lucene-core-6.5.1.jar;C:\Users\Snm\.m2\repository\org\apache\lucene\lucene-analyzers-common\6.5.1\lucene-analyzers-common-6.5.1.jar;C:\Users\Snm\.m2\repository\org\apache\lucene\lucene-backward-codecs\6.5.1\lucene-backward-codecs-6.5.1.jar;C:\Users\Snm\.m2\repository\org\apache\lucene\lucene-grouping\6.5.1\lucene-grouping-6.5.1.jar;C:\Users\Snm\.m2\repository\org\apache\lucene\lucene-highlighter\6.5.1\lucene-highlighter-6.5.1.jar;C:\Users\Snm\.m2\repository\org\apache\lucene\lucene-join\6.5.1\lucene-join-6.5.1.jar;C:\Users\Snm\.m2\repository\org\apache\lucene\lucene-memory\6.5.1\lucene-memory-6.5.1.jar;C:\Users\Snm\.m2\repository\org\apache\lucene\lucene-misc\6.5.1\lucene-misc-6.5.1.jar;C:\Users\Snm\.m2\repository\org\apache\lucene\lucene-queries\6.5.1\lucene-queries-6.5.1.jar;C:\Users\Snm\.m2\repository\org\apache\lucene\lucene-queryparser\6.5.1\lucene-queryparser-6.5.1.jar;C:\Users\Snm\.m2\repository\org\apache\lucene\lucene-sandbox\6.5.1\lucene-sandbo
Launcher Type: SUN_STANDARD

Environment Variables:
JAVA_HOME=C:\Program Files\Java\jdk1.8.0_91
_JAVA_OPTIONS=-Xms8048m -Xmx8048m
PATH=C:/Program Files/Java/jre1.8.0_131/bin/server;C:/Program Files/Java/jre1.8.0_131/bin;C:/Program Files/Java/jre1.8.0_131/lib/amd64;C:\Perl64\site\bin;C:\Perl64\bin;C:\ProgramData\Oracle\Java\javapath;C:\Program Files\Dell\DW WLAN Card;C:\Program Files (x86)\Intel\iCLS Client\;C:\Program Files\Intel\iCLS Client\;C:\Windows\system32;C:\Windows;C:\Windows\System32\Wbem;C:\Windows\System32\WindowsPowerShell\v1.0\;C:\Program Files (x86)\Intel\Intel(R) Management Engine Components\DAL;C:\Program Files\Intel\Intel(R) Management Engine Components\DAL;C:\Program Files (x86)\Intel\Intel(R) Management Engine Components\IPT;C:\Program Files\Intel\Intel(R) Management Engine Components\IPT;C:\Program Files\WIDCOMM\Bluetooth Software\;C:\Program Files\WIDCOMM\Bluetooth Software\syswow64;C:\Program Files (x86)\NVIDIA Corporation\PhysX\Common;C:\kibana-4.5.0-windows\bin;C:\elasticsearch-2.3.2\bin;C:\Program Files\MiKTeX 2.9\miktex\bin\x64\;C:\Program Files (x86)\PharosSystems\Core;C:\Program Files\nodejs\;C:\WINDOWS\system32;C:\WINDOWS;C:\WINDOWS\System32\Wbem;C:\WINDOWS\System32\WindowsPowerShell\v1.0\;C:\Users\Snm\AppData\Roaming\npm\node_modules\cordova\bin;C:\Users\Snm\AppData\Roaming\npm;C:\Users\Snm\apache-ant-1.9.7\bin;%ANDROID_HOME%\tool;%ANDROID_HOME%\platform-tools;C:\Program Files (x86)\Skype\Phone\;C:\Program Files\Git\cmd;C:\Program Files (x86)\Windows Kits\8.1\Windows Performance Toolkit\;C:\Users\Snm\Anaconda3;C:\Users\Snm\Anaconda3\Scripts;C:\Users\Snm\Anaconda3\Library\bin;C:\Ruby200-x64\bin;C:\Ruby23\bin;C:\Program Files\MongoDB\Server\3.2\bin;C:\Users\Snm\AppData\Local\Microsoft\WindowsApps;C:\Users\Snm\AppData\Roaming\npm\node_modules\cordova\bin;C:\Users\Snm\AppData\Roaming\npm;C:\Users\Snm\apache-ant-1.9.7\bin;C:\Users\Snm\AppData\Local\Android\Sdk;C:\Program Files\Heroku\bin;C:\WINDOWS\system32;
USERNAME=Snm
OS=Windows_NT
PROCESSOR_IDENTIFIER=Intel64 Family 6 Model 94 Stepping 3, GenuineIntel



---------------  S Y S T E M  ---------------

OS: Windows 10.0 , 64 bit Build 15063 (10.0.15063.296)

CPU:total 8 (initial active 8) (4 cores per cpu, 2 threads per core) family 6 model 94 stepping 3, cmov, cx8, fxsr, mmx, sse, sse2, sse3, ssse3, sse4.1, sse4.2, popcnt, avx, avx2, aes, clmul, erms, rtm, 3dnowpref, lzcnt, ht, tsc, tscinvbit, bmi1, bmi2, adx

Memory: 4k page, physical 8239680k(1533644k free), swap 33405504k(5564k free)

vm_info: Java HotSpot(TM) 64-Bit Server VM (25.131-b11) for windows-amd64 JRE (1.8.0_131-b11), built on Mar 15 2017 01:23:53 by "java_re" with MS VC++ 10.0 (VS2010)

time: Fri Aug 11 11:36:15 2017
elapsed time: 333 seconds (0d 0h 5m 33s)

